<?xml version="1.0" encoding="UTF-8"?>
<!-- Generated by org.testng.reporters.JUnitReportReporter -->
<testsuite skipped="0" hostname="DESKTOP-ABHAY" name="com.inetbanking.testCases.TC_DeleteCustomerTest_004" tests="1" failures="0" timestamp="02 Jun 2021 11:17:55 GMT" time="29.723" errors="0">
  <testcase name="deleteCustomer" time="29.723" classname="com.inetbanking.testCases.TC_DeleteCustomerTest_004"/>
</testsuite> <!-- com.inetbanking.testCases.TC_DeleteCustomerTest_004 -->
