<?xml version="1.0" encoding="UTF-8"?>
<!-- Generated by org.testng.reporters.JUnitReportReporter -->
<testsuite hostname="DESKTOP-ABHAY" failures="0" tests="1" name="com.inetbanking.testCases.TC_AddCustomerTest_003" time="42.173" errors="0" timestamp="22 May 2021 11:18:15 GMT" skipped="0">
  <testcase classname="com.inetbanking.testCases.TC_AddCustomerTest_003" name="addNewCustomer" time="42.173"/>
</testsuite> <!-- com.inetbanking.testCases.TC_AddCustomerTest_003 -->
